<?xml version="1.0" encoding="UTF-8"?>
<robot generator="Robot 7.1.1 (Python 3.12.8 on linux)" generated="2024-12-16T10:54:42.150051" rpa="false" schemaversion="5">
<suite id="s1" name="Test Suites" source="/home/pwuser/test_suites">
<suite id="s1-s1" name="Test" source="/home/pwuser/test_suites/test">
<suite id="s1-s1-s1" name="TS-01" source="/home/pwuser/test_suites/test/TS-01.robot">
<kw name="New Browser" owner="Browser" type="SETUP">
<msg time="2024-12-16T10:54:42.287490" level="INFO">{"browser": "chromium", "headless": true, "chromiumSandbox": false, "devtools": false, "handleSIGHUP": true, "handleSIGINT": true, "handleSIGTERM": true, "slowMo": 0.0, "timeout": 30000.0, "tracesDir": "/home/pwuser/test_suites/browser/traces/temp/26f26fff-7c1e-4049-990c-a98aa230e282"}</msg>
<msg time="2024-12-16T10:54:42.294469" level="INFO">Starting Browser process /home/pwuser/.local/lib/python3.12/site-packages/Browser/wrapper/index.js using port 48009</msg>
<msg time="2024-12-16T10:54:42.294688" level="INFO">Node startup parameters: ['node', '/home/pwuser/.local/lib/python3.12/site-packages/Browser/wrapper/index.js', '48009']</msg>
<arg>browser=${BROWSER}</arg>
<arg>headless=${HEADLESS}</arg>
<tag>BrowserControl</tag>
<tag>Setter</tag>
<doc>Create a new playwright Browser with specified options.</doc>
<status status="FAIL" start="2024-12-16T10:54:42.285817" elapsed="0.330493">Execution terminated by signal</status>
</kw>
<test id="s1-s1-s1-t1" name="Add a ToDo" line="20">
<errors>
<msg time="2024-12-16T10:54:42.913830" level="ERROR">Execution stopped by user.</msg>
</errors>
</robot>
